Arguments: 
  C:\Program Files\nodejs\node.exe C:\Program Files (x86)\Yarn\bin\yarn.js add --dev babel-cli bable-preset-env babel-preset-stage-3

PATH: 
  C:\Users\ifbamunoz.externos.BME\Downloads\cmder\bin;C:\Users\ifbamunoz.externos.BME\Downloads\cmder\vendor\conemu-maximus5\ConEmu\Scripts;C:\Users\ifbamunoz.externos.BME\Downloads\cmder\vendor\conemu-maximus5;C:\Users\ifbamunoz.externos.BME\Downloads\cmder\vendor\conemu-maximus5\ConEmu;C:\WINDOWS\system32;C:\WINDOWS;C:\WINDOWS\System32\Wbem;C:\WINDOWS\System32\WindowsPowerShell\v1.0\;C:\Program Files (x86)\Yarn\bin;C:\Program Files\Git\cmd;C:\Users\ifbamunoz.externos.BME\AppData\Roaming\nvm;C:\Program Files\nodejs;C:\Users\ifbamunoz.externos.BME\AppData\Local\Microsoft\WindowsApps;C:\Program Files\Microsoft VS Code\bin;C:\Users\ifbamunoz.externos.BME\AppData\Local\Yarn\bin;C:\Users\ifbamunoz.externos.BME\AppData\Roaming\nvm;C:\Program Files\nodejs;C:\Program Files\Git\usr\bin;C:\Program Files\Git\usr\share\vim\vim74;C:\Users\ifbamunoz.externos.BME\Downloads\cmder\

Yarn version: 
  1.3.2

Node version: 
  8.9.4

Platform: 
  win32 x64

npm manifest: 
  {
    "name": "react-graphQL",
    "version": "1.0.0",
    "description": "",
    "main": "index.js",
    "scripts": {
      "test": "echo \"Error: no test specified\" && exit 1"
    },
    "keywords": [],
    "author": "",
    "license": "ISC"
  }

yarn manifest: 
  No manifest

Lockfile: 
  No lockfile

Trace: 
  Error: http://npm.infobolsa.es/babel-cli: unregistered users are not allowed to access package babel-cli
      at Request.params.callback [as _callback] (C:\Program Files (x86)\Yarn\lib\cli.js:62098:18)
      at Request.self.callback (C:\Program Files (x86)\Yarn\lib\cli.js:123085:22)
      at emitTwo (events.js:126:13)
      at Request.emit (events.js:214:7)
      at Request.<anonymous> (C:\Program Files (x86)\Yarn\lib\cli.js:124068:10)
      at emitOne (events.js:116:13)
      at Request.emit (events.js:211:7)
      at IncomingMessage.<anonymous> (C:\Program Files (x86)\Yarn\lib\cli.js:123988:12)
      at Object.onceWrapper (events.js:313:30)
      at emitNone (events.js:111:20)
